  [1m[35m (459.8ms)[0m  [1m[35mCREATE DATABASE "task-list-c12_development" ENCODING = 'unicode'[0m
  ↳ bin/rails:9
  [1m[35m (386.1ms)[0m  [1m[35mCREATE DATABASE "task-list-c12_test" ENCODING = 'unicode'[0m
  ↳ bin/rails:9
Started GET "/" for ::1 at 2019-10-03 10:37:44 -0700
Processing by Rails::WelcomeController#index as HTML
  Rendering /Users/becca/.rbenv/versions/2.5.5/lib/ruby/gems/2.5.0/gems/railties-5.2.3/lib/rails/templates/rails/welcome/index.html.erb
  Rendered /Users/becca/.rbenv/versions/2.5.5/lib/ruby/gems/2.5.0/gems/railties-5.2.3/lib/rails/templates/rails/welcome/index.html.erb (3.1ms)
Completed 200 OK in 24ms (Views: 11.0ms | ActiveRecord: 0.0ms)


Started GET "/tasks" for ::1 at 2019-10-03 10:37:46 -0700
  
ActionController::RoutingError (No route matches [GET] "/tasks"):
  
actionpack (5.2.3) lib/action_dispatch/middleware/debug_exceptions.rb:65:in `call'
web-console (3.7.0) lib/web_console/middleware.rb:135:in `call_app'
web-console (3.7.0) lib/web_console/middleware.rb:30:in `block in call'
web-console (3.7.0) lib/web_console/middleware.rb:20:in `catch'
web-console (3.7.0) lib/web_console/middleware.rb:20:in `call'
actionpack (5.2.3) lib/action_dispatch/middleware/show_exceptions.rb:33:in `call'
railties (5.2.3) lib/rails/rack/logger.rb:38:in `call_app'
railties (5.2.3) lib/rails/rack/logger.rb:26:in `block in call'
activesupport (5.2.3) lib/active_support/tagged_logging.rb:71:in `block in tagged'
activesupport (5.2.3) lib/active_support/tagged_logging.rb:28:in `tagged'
activesupport (5.2.3) lib/active_support/tagged_logging.rb:71:in `tagged'
railties (5.2.3) lib/rails/rack/logger.rb:26:in `call'
sprockets-rails (3.2.1) lib/sprockets/rails/quiet_assets.rb:13:in `call'
actionpack (5.2.3) lib/action_dispatch/middleware/remote_ip.rb:81:in `call'
actionpack (5.2.3) lib/action_dispatch/middleware/request_id.rb:27:in `call'
rack (2.0.7) lib/rack/method_override.rb:22:in `call'
rack (2.0.7) lib/rack/runtime.rb:22:in `call'
activesupport (5.2.3) lib/active_support/cache/strategy/local_cache_middleware.rb:29:in `call'
actionpack (5.2.3) lib/action_dispatch/middleware/executor.rb:14:in `call'
actionpack (5.2.3) lib/action_dispatch/middleware/static.rb:127:in `call'
rack (2.0.7) lib/rack/sendfile.rb:111:in `call'
railties (5.2.3) lib/rails/engine.rb:524:in `call'
puma (3.12.1) lib/puma/configuration.rb:227:in `call'
puma (3.12.1) lib/puma/server.rb:660:in `handle_request'
puma (3.12.1) lib/puma/server.rb:474:in `process_client'
puma (3.12.1) lib/puma/server.rb:334:in `block in run'
puma (3.12.1) lib/puma/thread_pool.rb:135:in `block in spawn_thread'
Started GET "/" for ::1 at 2019-10-03 10:38:04 -0700
Processing by Rails::WelcomeController#index as HTML
  Rendering /Users/becca/.rbenv/versions/2.5.5/lib/ruby/gems/2.5.0/gems/railties-5.2.3/lib/rails/templates/rails/welcome/index.html.erb
  Rendered /Users/becca/.rbenv/versions/2.5.5/lib/ruby/gems/2.5.0/gems/railties-5.2.3/lib/rails/templates/rails/welcome/index.html.erb (5.2ms)
Completed 200 OK in 16ms (Views: 10.3ms | ActiveRecord: 0.0ms)


Started GET "/" for ::1 at 2019-10-03 16:11:28 -0700
Processing by Rails::WelcomeController#index as HTML
  Rendering /Users/becca/.rbenv/versions/2.5.5/lib/ruby/gems/2.5.0/gems/railties-5.2.3/lib/rails/templates/rails/welcome/index.html.erb
  Rendered /Users/becca/.rbenv/versions/2.5.5/lib/ruby/gems/2.5.0/gems/railties-5.2.3/lib/rails/templates/rails/welcome/index.html.erb (4.5ms)
Completed 200 OK in 25ms (Views: 14.2ms | ActiveRecord: 0.0ms)


Started GET "/" for ::1 at 2019-10-03 16:17:43 -0700
Processing by Rails::WelcomeController#index as HTML
  Rendering /Users/becca/.rbenv/versions/2.5.5/lib/ruby/gems/2.5.0/gems/railties-5.2.3/lib/rails/templates/rails/welcome/index.html.erb
  Rendered /Users/becca/.rbenv/versions/2.5.5/lib/ruby/gems/2.5.0/gems/railties-5.2.3/lib/rails/templates/rails/welcome/index.html.erb (2.1ms)
Completed 200 OK in 9ms (Views: 6.4ms | ActiveRecord: 0.0ms)


Started GET "/tasks" for ::1 at 2019-10-03 16:17:46 -0700

AbstractController::ActionNotFound - The action 'index' could not be found for TasksController:

Started POST "/__better_errors/cf1def1b3a7522e8/variables" for ::1 at 2019-10-03 16:17:46 -0700
Started GET "/tasks" for ::1 at 2019-10-03 16:18:13 -0700
Processing by TasksController#index as HTML
  Rendering tasks/index.html.erb within layouts/application
  Rendered tasks/index.html.erb within layouts/application (0.3ms)
Completed 200 OK in 326ms (Views: 319.9ms | ActiveRecord: 0.0ms)


Started GET "/tasks" for ::1 at 2019-10-03 16:22:50 -0700
Processing by TasksController#index as HTML
  Rendering tasks/index.html.erb within layouts/application
  Rendered tasks/index.html.erb within layouts/application (5.9ms)
Completed 500 Internal Server Error in 14ms (ActiveRecord: 0.0ms)



NoMethodError - undefined method `name' for #<Hash:0x00007fc6bc686db8>:
  app/views/tasks/index.html.erb:5:in `block in _app_views_tasks_index_html_erb__3774176786729327817_70245770869500'
  app/views/tasks/index.html.erb:3:in `_app_views_tasks_index_html_erb__3774176786729327817_70245770869500'

Started POST "/__better_errors/06a76eba67d4460e/variables" for ::1 at 2019-10-03 16:22:50 -0700
Started GET "/tasks" for ::1 at 2019-10-03 16:23:20 -0700
Processing by TasksController#index as HTML
  Rendering tasks/index.html.erb within layouts/application
  Rendered tasks/index.html.erb within layouts/application (4.6ms)
Completed 500 Internal Server Error in 13ms (ActiveRecord: 0.0ms)



ActionController::UrlGenerationError - No route matches {:action=>"show", :controller=>"tasks", :description=>"learn rails", :due_date=>"01.01.2020", :name=>"learn rails"}, missing required keys: [:id]:
  app/views/tasks/index.html.erb:5:in `block in _app_views_tasks_index_html_erb__3774176786729327817_70245771125140'
  app/views/tasks/index.html.erb:3:in `_app_views_tasks_index_html_erb__3774176786729327817_70245771125140'

Started POST "/__better_errors/200150b3c95bcd81/variables" for ::1 at 2019-10-03 16:23:20 -0700
Started GET "/tasks" for ::1 at 2019-10-03 16:26:58 -0700
Processing by TasksController#index as HTML
  Rendering tasks/index.html.erb within layouts/application
  Rendered tasks/index.html.erb within layouts/application (4.2ms)
Completed 500 Internal Server Error in 14ms (ActiveRecord: 0.0ms)



ActionController::UrlGenerationError - No route matches {:action=>"show", :controller=>"tasks", :description=>"learn rails", :due_date=>"01.01.2020", :name=>"learn rails"}, missing required keys: [:id]:
  app/views/tasks/index.html.erb:5:in `block in _app_views_tasks_index_html_erb__3774176786729327817_70245806952520'
  app/views/tasks/index.html.erb:3:in `_app_views_tasks_index_html_erb__3774176786729327817_70245806952520'

Started POST "/__better_errors/d5f0a9f341df6593/variables" for ::1 at 2019-10-03 16:26:58 -0700
Started GET "/tasks/2" for ::1 at 2019-10-03 16:27:34 -0700
Processing by TasksController#show as HTML
  Parameters: {"id"=>"2"}
Completed 500 Internal Server Error in 6ms (ActiveRecord: 0.0ms)



NameError - uninitialized constant TasksController::Task:
  app/controllers/tasks_controller.rb:10:in `show'

Started POST "/__better_errors/9027fb89a8f7e26e/variables" for ::1 at 2019-10-03 16:27:34 -0700
Started GET "/tasks/1" for ::1 at 2019-10-03 16:27:39 -0700
Processing by TasksController#show as HTML
  Parameters: {"id"=>"1"}
Completed 500 Internal Server Error in 13ms (ActiveRecord: 0.0ms)



NameError - uninitialized constant TasksController::Task:
  app/controllers/tasks_controller.rb:10:in `show'

Started POST "/__better_errors/570b10dbeb26c7d9/variables" for ::1 at 2019-10-03 16:27:39 -0700
Started GET "/tasks/1" for ::1 at 2019-10-03 16:28:13 -0700
Processing by TasksController#show as HTML
  Parameters: {"id"=>"1"}
  Rendering tasks/show.html.erb within layouts/application
  Rendered tasks/show.html.erb within layouts/application (0.4ms)
Completed 200 OK in 26ms (Views: 23.2ms | ActiveRecord: 0.0ms)


Started GET "/tasks/1" for ::1 at 2019-10-03 16:28:21 -0700
Processing by TasksController#show as HTML
  Parameters: {"id"=>"1"}
  Rendering tasks/show.html.erb within layouts/application
  Rendered tasks/show.html.erb within layouts/application (0.3ms)
Completed 200 OK in 29ms (Views: 26.8ms | ActiveRecord: 0.0ms)


Started GET "/tasks/1" for ::1 at 2019-10-03 16:28:52 -0700
Processing by TasksController#show as HTML
  Parameters: {"id"=>"1"}
  Rendering tasks/show.html.erb within layouts/application
  Rendered tasks/show.html.erb within layouts/application (0.4ms)
Completed 200 OK in 36ms (Views: 33.5ms | ActiveRecord: 0.0ms)


  [1m[35m (16.3ms)[0m  [1m[35mCREATE TABLE "schema_migrations" ("version" character varying NOT NULL PRIMARY KEY)[0m
  ↳ bin/rails:9
  [1m[35m (3.2ms)[0m  [1m[35mCREATE TABLE "ar_internal_metadata" ("key" character varying NOT NULL PRIMARY KEY, "value" character varying, "created_at" timestamp NOT NULL, "updated_at" timestamp NOT NULL)[0m
  ↳ bin/rails:9
  [1m[35m (1.4ms)[0m  [1m[34mSELECT pg_try_advisory_lock(614906465253736215)[0m
  ↳ bin/rails:9
  [1m[35m (2.2ms)[0m  [1m[34mSELECT "schema_migrations"."version" FROM "schema_migrations" ORDER BY "schema_migrations"."version" ASC[0m
  ↳ bin/rails:9
Migrating to CreateTasks (20191003232959)
  [1m[35m (0.2ms)[0m  [1m[35mBEGIN[0m
  ↳ bin/rails:9
  [1m[35m (10.8ms)[0m  [1m[35mCREATE TABLE "tasks" ("id" bigserial primary key, "name" character varying, "description" character varying, "due_date" character varying, "created_at" timestamp NOT NULL, "updated_at" timestamp NOT NULL)[0m
  ↳ db/migrate/20191003232959_create_tasks.rb:3
  [1m[36mActiveRecord::SchemaMigration Create (0.5ms)[0m  [1m[32mINSERT INTO "schema_migrations" ("version") VALUES ($1) RETURNING "version"[0m  [["version", "20191003232959"]]
  ↳ bin/rails:9
  [1m[35m (1.4ms)[0m  [1m[35mCOMMIT[0m
  ↳ bin/rails:9
  [1m[36mActiveRecord::InternalMetadata Load (0.4ms)[0m  [1m[34mSELECT  "ar_internal_metadata".* FROM "ar_internal_metadata" WHERE "ar_internal_metadata"."key" = $1 LIMIT $2[0m  [["key", "environment"], ["LIMIT", 1]]
  ↳ bin/rails:9
  [1m[35m (0.2ms)[0m  [1m[35mBEGIN[0m
  ↳ bin/rails:9
  [1m[36mActiveRecord::InternalMetadata Create (0.4ms)[0m  [1m[32mINSERT INTO "ar_internal_metadata" ("key", "value", "created_at", "updated_at") VALUES ($1, $2, $3, $4) RETURNING "key"[0m  [["key", "environment"], ["value", "development"], ["created_at", "2019-10-03 23:30:23.492892"], ["updated_at", "2019-10-03 23:30:23.492892"]]
  ↳ bin/rails:9
  [1m[35m (1.1ms)[0m  [1m[35mCOMMIT[0m
  ↳ bin/rails:9
  [1m[35m (0.2ms)[0m  [1m[34mSELECT pg_advisory_unlock(614906465253736215)[0m
  ↳ bin/rails:9
  [1m[35m (0.2ms)[0m  [1m[34mSELECT "schema_migrations"."version" FROM "schema_migrations" ORDER BY "schema_migrations"."version" ASC[0m
  ↳ bin/rails:9
  [1m[35m (0.6ms)[0m  [1m[34mSELECT "schema_migrations"."version" FROM "schema_migrations" ORDER BY "schema_migrations"."version" ASC[0m
  ↳ bin/rails:9
  [1m[35m (0.2ms)[0m  [1m[35mBEGIN[0m
  [1m[36mTask Create (0.8ms)[0m  [1m[32mINSERT INTO "tasks" ("name", "description", "due_date", "created_at", "updated_at") VALUES ($1, $2, $3, $4, $5) RETURNING "id"[0m  [["name", "rail"], ["description", "learn rails"], ["due_date", "2020-01-01"], ["created_at", "2019-10-03 23:34:07.174924"], ["updated_at", "2019-10-03 23:34:07.174924"]]
  [1m[35m (1.3ms)[0m  [1m[35mCOMMIT[0m
  [1m[35m (0.2ms)[0m  [1m[35mBEGIN[0m
  [1m[36mTask Create (0.3ms)[0m  [1m[32mINSERT INTO "tasks" ("name", "description", "due_date", "created_at", "updated_at") VALUES ($1, $2, $3, $4, $5) RETURNING "id"[0m  [["name", "make dinner"], ["description", "mac n cheese"], ["due_date", "2020-01-01"], ["created_at", "2019-10-03 23:34:25.279209"], ["updated_at", "2019-10-03 23:34:25.279209"]]
  [1m[35m (1.4ms)[0m  [1m[35mCOMMIT[0m
  [1m[35m (2.4ms)[0m  [1m[34mSELECT COUNT(*) FROM "tasks"[0m
Started GET "/tasks/1" for ::1 at 2019-10-03 16:35:03 -0700
  [1m[35m (1.1ms)[0m  [1m[34mSELECT "schema_migrations"."version" FROM "schema_migrations" ORDER BY "schema_migrations"."version" ASC[0m
  ↳ /Users/becca/.rbenv/versions/2.5.5/lib/ruby/gems/2.5.0/gems/activerecord-5.2.3/lib/active_record/log_subscriber.rb:98
Processing by TasksController#show as HTML
  Parameters: {"id"=>"1"}
  Rendering tasks/show.html.erb within layouts/application
  Rendered tasks/show.html.erb within layouts/application (0.3ms)
Completed 200 OK in 18ms (Views: 16.4ms | ActiveRecord: 0.0ms)


Started GET "/tasks" for ::1 at 2019-10-03 16:35:05 -0700
Processing by TasksController#index as HTML
  Rendering tasks/index.html.erb within layouts/application
  [1m[36mTask Load (0.7ms)[0m  [1m[34mSELECT "tasks".* FROM "tasks"[0m
  ↳ app/views/tasks/index.html.erb:3
  Rendered tasks/index.html.erb within layouts/application (17.6ms)
Completed 500 Internal Server Error in 30ms (ActiveRecord: 5.1ms)



NoMethodError - undefined method `author' for #<Task:0x00007fc6c225fec8>:
  app/views/tasks/index.html.erb:5:in `block in _app_views_tasks_index_html_erb__3774176786729327817_70245818687880'
  app/views/tasks/index.html.erb:3:in `_app_views_tasks_index_html_erb__3774176786729327817_70245818687880'

Started POST "/__better_errors/2a4c0dbd736d96e4/variables" for ::1 at 2019-10-03 16:35:05 -0700
Started GET "/tasks" for ::1 at 2019-10-03 16:35:21 -0700
Processing by TasksController#index as HTML
  Rendering tasks/index.html.erb within layouts/application
  [1m[36mTask Load (0.3ms)[0m  [1m[34mSELECT "tasks".* FROM "tasks"[0m
  ↳ app/views/tasks/index.html.erb:3
  Rendered tasks/index.html.erb within layouts/application (2.5ms)
Completed 200 OK in 26ms (Views: 23.3ms | ActiveRecord: 0.3ms)


Started GET "/tasks" for ::1 at 2019-10-03 16:35:55 -0700
Processing by TasksController#index as HTML
  Rendering tasks/index.html.erb within layouts/application
  [1m[36mTask Load (0.3ms)[0m  [1m[34mSELECT "tasks".* FROM "tasks"[0m
  ↳ app/views/tasks/index.html.erb:3
  Rendered tasks/index.html.erb within layouts/application (1.6ms)
Completed 200 OK in 23ms (Views: 19.9ms | ActiveRecord: 0.3ms)


Started GET "/tasks/2/edit" for ::1 at 2019-10-03 16:35:57 -0700

AbstractController::ActionNotFound - The action 'edit' could not be found for TasksController:

Started POST "/__better_errors/5a0550cba3517698/variables" for ::1 at 2019-10-03 16:35:57 -0700
Started GET "/tasks" for ::1 at 2019-10-03 16:35:59 -0700
Processing by TasksController#index as HTML
  Rendering tasks/index.html.erb within layouts/application
  [1m[36mTask Load (0.4ms)[0m  [1m[34mSELECT "tasks".* FROM "tasks"[0m
  ↳ app/views/tasks/index.html.erb:3
  Rendered tasks/index.html.erb within layouts/application (2.5ms)
Completed 200 OK in 42ms (Views: 38.1ms | ActiveRecord: 0.4ms)


